Using pre-set license
Built from '2021.3/staging' branch; Version is '2021.3.22f1 (b6c551784ba3) revision 11978065'; Using compiler version '192829333'; Build Type 'Release'
OS: 'Windows 11  (10.0.22621) 64bit Professional' Language: 'en' Physical Memory: 32541 MB
BatchMode: 1, IsHumanControllingUs: 0, StartBugReporterOnCrash: 0, Is64bit: 1, IsPro: 1

COMMAND LINE ARGUMENTS:
C:\Program Files\Unity\Hub\Editor\2021.3.22f1\Editor\Unity.exe
-adb2
-batchMode
-noUpm
-name
AssetImportWorker3
-projectPath
C:/Projects/Unity/-Unity-Game-Development-in-24-Hours/Captain Blaster/Captain Blaster
-logFile
Logs/AssetImportWorker3.log
-srvPort
61493
Successfully changed project path to: C:/Projects/Unity/-Unity-Game-Development-in-24-Hours/Captain Blaster/Captain Blaster
C:/Projects/Unity/-Unity-Game-Development-in-24-Hours/Captain Blaster/Captain Blaster
[UnityMemory] Configuration Parameters - Can be set up in boot.config
    "memorysetup-bucket-allocator-granularity=16"
    "memorysetup-bucket-allocator-bucket-count=8"
    "memorysetup-bucket-allocator-block-size=33554432"
    "memorysetup-bucket-allocator-block-count=8"
    "memorysetup-main-allocator-block-size=16777216"
    "memorysetup-thread-allocator-block-size=16777216"
    "memorysetup-gfx-main-allocator-block-size=16777216"
    "memorysetup-gfx-thread-allocator-block-size=16777216"
    "memorysetup-cache-allocator-block-size=4194304"
    "memorysetup-typetree-allocator-block-size=2097152"
    "memorysetup-profiler-bucket-allocator-granularity=16"
    "memorysetup-profiler-bucket-allocator-bucket-count=8"
    "memorysetup-profiler-bucket-allocator-block-size=33554432"
    "memorysetup-profiler-bucket-allocator-block-count=8"
    "memorysetup-profiler-allocator-block-size=16777216"
    "memorysetup-profiler-editor-allocator-block-size=1048576"
    "memorysetup-temp-allocator-size-main=16777216"
    "memorysetup-job-temp-allocator-block-size=2097152"
    "memorysetup-job-temp-allocator-block-size-background=1048576"
    "memorysetup-job-temp-allocator-reduction-small-platforms=262144"
    "memorysetup-temp-allocator-size-background-worker=32768"
    "memorysetup-temp-allocator-size-job-worker=262144"
    "memorysetup-temp-allocator-size-preload-manager=33554432"
    "memorysetup-temp-allocator-size-nav-mesh-worker=65536"
    "memorysetup-temp-allocator-size-audio-worker=65536"
    "memorysetup-temp-allocator-size-cloud-worker=32768"
    "memorysetup-temp-allocator-size-gi-baking-worker=262144"
    "memorysetup-temp-allocator-size-gfx=262144"
Player connection [16408] Host "[IP] 192.168.0.18 [Port] 0 [Flags] 2 [Guid] 1022101291 [EditorId] 1022101291 [Version] 1048832 [Id] WindowsEditor(7,KRob11) [Debug] 1 [PackageName] WindowsEditor [ProjectName] Editor" joined multi-casting on [225.0.0.222:54997]...

Player connection [16408] Host "[IP] 192.168.0.18 [Port] 0 [Flags] 2 [Guid] 1022101291 [EditorId] 1022101291 [Version] 1048832 [Id] WindowsEditor(7,KRob11) [Debug] 1 [PackageName] WindowsEditor [ProjectName] Editor" joined alternative multi-casting on [225.0.0.222:34997]...

Refreshing native plugins compatible for Editor in 73.59 ms, found 4 plugins.
Preloading 0 native plugins for Editor in 0.00 ms.
Initialize engine version: 2021.3.22f1 (b6c551784ba3)
[Subsystems] Discovering subsystems at path C:/Program Files/Unity/Hub/Editor/2021.3.22f1/Editor/Data/Resources/UnitySubsystems
[Subsystems] Discovering subsystems at path C:/Projects/Unity/-Unity-Game-Development-in-24-Hours/Captain Blaster/Captain Blaster/Assets
GfxDevice: creating device client; threaded=0; jobified=0
Direct3D:
    Version:  Direct3D 11.0 [level 11.1]
    Renderer: NVIDIA GeForce GTX 1050 Ti (ID=0x1c82)
    Vendor:   NVIDIA
    VRAM:     4019 MB
    Driver:   27.21.14.5671
Initialize mono
Mono path[0] = 'C:/Program Files/Unity/Hub/Editor/2021.3.22f1/Editor/Data/Managed'
Mono path[1] = 'C:/Program Files/Unity/Hub/Editor/2021.3.22f1/Editor/Data/MonoBleedingEdge/lib/mono/unityjit-win32'
Mono config path = 'C:/Program Files/Unity/Hub/Editor/2021.3.22f1/Editor/Data/MonoBleedingEdge/etc'
Using monoOptions --debugger-agent=transport=dt_socket,embedding=1,server=y,suspend=n,address=127.0.0.1:56192
Begin MonoManager ReloadAssembly
Registering precompiled unity dll's ...
Register platform support module: C:/Program Files/Unity/Hub/Editor/2021.3.22f1/Editor/Data/PlaybackEngines/WebGLSupport/UnityEditor.WebGL.Extensions.dll
Register platform support module: C:/Program Files/Unity/Hub/Editor/2021.3.22f1/Editor/Data/PlaybackEngines/WindowsStandaloneSupport/UnityEditor.WindowsStandalone.Extensions.dll
Registered in 0.003883 seconds.
Native extension for WindowsStandalone target not found
Native extension for WebGL target not found
Refreshing native plugins compatible for Editor in 77.53 ms, found 4 plugins.
Preloading 0 native plugins for Editor in 0.00 ms.
Mono: successfully reloaded assembly
- Completed reload, in  0.580 seconds
Domain Reload Profiling:
	ReloadAssembly (581ms)
		BeginReloadAssembly (74ms)
			ExecutionOrderSort (0ms)
			DisableScriptedObjects (0ms)
			BackupInstance (0ms)
			ReleaseScriptingObjects (0ms)
			CreateAndSetChildDomain (1ms)
		EndReloadAssembly (424ms)
			LoadAssemblies (73ms)
			RebuildTransferFunctionScriptingTraits (0ms)
			SetupTypeCache (95ms)
			ReleaseScriptCaches (0ms)
			RebuildScriptCaches (25ms)
			SetupLoadedEditorAssemblies (257ms)
				LogAssemblyErrors (0ms)
				InitializePlatformSupportModulesInManaged (7ms)
				SetLoadedEditorAssemblies (0ms)
				RefreshPlugins (78ms)
				BeforeProcessingInitializeOnLoad (1ms)
				ProcessInitializeOnLoadAttributes (129ms)
				ProcessInitializeOnLoadMethodAttributes (41ms)
				AfterProcessingInitializeOnLoad (0ms)
				EditorAssembliesLoaded (0ms)
			ExecutionOrderSort2 (0ms)
			AwakeInstancesAfterBackupRestoration (0ms)
Platform modules already initialized, skipping
Registering precompiled user dll's ...
Registered in 0.005035 seconds.
Begin MonoManager ReloadAssembly
Symbol file LoadedFromMemory doesn't match image C:\Projects\Unity\-Unity-Game-Development-in-24-Hours\Captain Blaster\Captain Blaster\Library\PackageCache\com.unity.visualscripting@1.8.0\Editor\VisualScripting.Core\Dependencies\YamlDotNet\Unity.VisualScripting.YamlDotNet.dll
Symbol file LoadedFromMemory doesn't match image C:\Projects\Unity\-Unity-Game-Development-in-24-Hours\Captain Blaster\Captain Blaster\Library\PackageCache\com.unity.visualscripting@1.8.0\Editor\VisualScripting.Core\Dependencies\DotNetZip\Unity.VisualScripting.IonicZip.dll
Native extension for WindowsStandalone target not found
Native extension for WebGL target not found
Refreshing native plugins compatible for Editor in 81.09 ms, found 4 plugins.
Preloading 0 native plugins for Editor in 0.00 ms.
Mono: successfully reloaded assembly
- Completed reload, in  1.018 seconds
Domain Reload Profiling:
	ReloadAssembly (1019ms)
		BeginReloadAssembly (99ms)
			ExecutionOrderSort (0ms)
			DisableScriptedObjects (5ms)
			BackupInstance (0ms)
			ReleaseScriptingObjects (0ms)
			CreateAndSetChildDomain (18ms)
		EndReloadAssembly (828ms)
			LoadAssemblies (68ms)
			RebuildTransferFunctionScriptingTraits (0ms)
			SetupTypeCache (214ms)
			ReleaseScriptCaches (0ms)
			RebuildScriptCaches (60ms)
			SetupLoadedEditorAssemblies (428ms)
				LogAssemblyErrors (0ms)
				InitializePlatformSupportModulesInManaged (5ms)
				SetLoadedEditorAssemblies (0ms)
				RefreshPlugins (81ms)
				BeforeProcessingInitializeOnLoad (84ms)
				ProcessInitializeOnLoadAttributes (219ms)
				ProcessInitializeOnLoadMethodAttributes (32ms)
				AfterProcessingInitializeOnLoad (6ms)
				EditorAssembliesLoaded (0ms)
			ExecutionOrderSort2 (0ms)
			AwakeInstancesAfterBackupRestoration (7ms)
Platform modules already initialized, skipping
========================================================================
Worker process is ready to serve import requests
Launched and connected shader compiler UnityShaderCompiler.exe after 0.03 seconds
Refreshing native plugins compatible for Editor in 0.56 ms, found 4 plugins.
Preloading 0 native plugins for Editor in 0.00 ms.
Unloading 3742 Unused Serialized files (Serialized files now loaded: 0)
Unloading 41 unused Assets / (229.3 KB). Loaded Objects now: 4196.
Memory consumption went from 144.2 MB to 144.0 MB.
Total: 6.759500 ms (FindLiveObjects: 0.247400 ms CreateObjectMapping: 0.107000 ms MarkObjects: 5.950100 ms  DeleteObjects: 0.452700 ms)

AssetImportParameters requested are different than current active one (requested -> active):
  custom:video-decoder-ogg-theora: a1e56fd34408186e4bbccfd4996cb3dc -> 
  custom:container-muxer-webm: aa71ff27fc2769a1b78a27578f13a17b -> 
  custom:container-demuxer-webm: 4f35f7cbe854078d1ac9338744f61a02 -> 
  custom:video-encoder-webm-vp8: eb34c28f22e8b96e1ab97ce403110664 -> 
  custom:video-codec-MediaFoundation-h265: 746d11721c4dcdbdad8f713fa42b33f4 -> 
  custom:audio-encoder-webm-vorbis: bf7c407c2cedff20999df2af8eb42d56 -> 
  custom:framework-win-MediaFoundation: 216162199b28c13a410421893ffa2e32 -> 
  custom:container-demuxer-ogg: 62fdf1f143b41e24485cea50d1cbac27 -> 
  custom:video-decoder-webm-vp8: 9c59270c3fd7afecdb556c50c9e8de78 -> 
  custom:audio-decoder-ogg-vorbis: bf7c407c2cedff20999df2af8eb42d56 -> 
========================================================================
Received Import Request.
  Time since last request: 707496.691935 seconds.
  path: Assets/Yughues Free PBR Metal Plates/Textures/MetalPlates_Normal02.tga
  artifactKey: Guid(158c525592efea141ae689f407efe2a3) Importer(815301076,1909f56bfc062723c751e8b465ee728b)
Start importing Assets/Yughues Free PBR Metal Plates/Textures/MetalPlates_Normal02.tga using Guid(158c525592efea141ae689f407efe2a3) Importer(815301076,1909f56bfc062723c751e8b465ee728b)  -> (artifact id: 'ca4805733d86422163470807be22a287') in 0.122184 seconds 
========================================================================
Received Import Request.
  Time since last request: 0.000031 seconds.
  path: Assets/Yughues Free PBR Metal Plates/Textures/MetalPlates_Normal10.tga
  artifactKey: Guid(499de8c759438684bb6e01ffe9a5fcf7) Importer(815301076,1909f56bfc062723c751e8b465ee728b)
Start importing Assets/Yughues Free PBR Metal Plates/Textures/MetalPlates_Normal10.tga using Guid(499de8c759438684bb6e01ffe9a5fcf7) Importer(815301076,1909f56bfc062723c751e8b465ee728b)  -> (artifact id: 'a3eb04dad438f7a58836d711420572e6') in 0.046067 seconds 
========================================================================
Received Import Request.
  Time since last request: 0.000028 seconds.
  path: Assets/Yughues Free PBR Metal Plates/Textures/MetalPlates_Normal29.tga
  artifactKey: Guid(0a5154a6f1208ca46b83ac84d39d6b8d) Importer(815301076,1909f56bfc062723c751e8b465ee728b)
Start importing Assets/Yughues Free PBR Metal Plates/Textures/MetalPlates_Normal29.tga using Guid(0a5154a6f1208ca46b83ac84d39d6b8d) Importer(815301076,1909f56bfc062723c751e8b465ee728b)  -> (artifact id: 'c20512d96c2d7b78303eee6658c056c9') in 0.055889 seconds 
========================================================================
Received Import Request.
  Time since last request: 0.000021 seconds.
  path: Assets/Yughues Free PBR Metal Plates/Textures/MetalPlates_Normal28.tga
  artifactKey: Guid(57d7db38f35d1374f8d4ffe2ba8c147c) Importer(815301076,1909f56bfc062723c751e8b465ee728b)
Start importing Assets/Yughues Free PBR Metal Plates/Textures/MetalPlates_Normal28.tga using Guid(57d7db38f35d1374f8d4ffe2ba8c147c) Importer(815301076,1909f56bfc062723c751e8b465ee728b)  -> (artifact id: 'a92d607e6536e8a1edf351b14c4c0e04') in 0.024101 seconds 
========================================================================
Received Import Request.
  Time since last request: 0.000023 seconds.
  path: Assets/Yughues Free PBR Metal Plates/Textures/MetalPlates_Normal11.tga
  artifactKey: Guid(202dd3d2f97272d4b9840f9c77ff2eec) Importer(815301076,1909f56bfc062723c751e8b465ee728b)
Start importing Assets/Yughues Free PBR Metal Plates/Textures/MetalPlates_Normal11.tga using Guid(202dd3d2f97272d4b9840f9c77ff2eec) Importer(815301076,1909f56bfc062723c751e8b465ee728b)  -> (artifact id: 'b7dcf5b44d2527e7f314191264588290') in 0.029624 seconds 
========================================================================
Received Import Request.
  Time since last request: 0.000017 seconds.
  path: Assets/Yughues Free PBR Metal Plates/Textures/MetalPlates_Normal18.tga
  artifactKey: Guid(52be4f6402ed68343bc0d5a0f17b6300) Importer(815301076,1909f56bfc062723c751e8b465ee728b)
Start importing Assets/Yughues Free PBR Metal Plates/Textures/MetalPlates_Normal18.tga using Guid(52be4f6402ed68343bc0d5a0f17b6300) Importer(815301076,1909f56bfc062723c751e8b465ee728b)  -> (artifact id: '5ce0dba33fc765ab77c6ac59d00fc483') in 0.026975 seconds 
========================================================================
Received Import Request.
  Time since last request: 0.000021 seconds.
  path: Assets/Yughues Free PBR Metal Plates/Textures/MetalPlates_Normal22.tga
  artifactKey: Guid(096f858df0ad8b04384564b8461b0c5a) Importer(815301076,1909f56bfc062723c751e8b465ee728b)
Start importing Assets/Yughues Free PBR Metal Plates/Textures/MetalPlates_Normal22.tga using Guid(096f858df0ad8b04384564b8461b0c5a) Importer(815301076,1909f56bfc062723c751e8b465ee728b)  -> (artifact id: 'c55e674eac9899d5d856eeaf0fd13e14') in 0.019745 seconds 
========================================================================
Received Import Request.
  Time since last request: 0.000022 seconds.
  path: Assets/Yughues Free PBR Metal Plates/Textures/MetalPlates_Normal32.tga
  artifactKey: Guid(6aa0ff14e3b8753478fc1f76fe30d163) Importer(815301076,1909f56bfc062723c751e8b465ee728b)
Start importing Assets/Yughues Free PBR Metal Plates/Textures/MetalPlates_Normal32.tga using Guid(6aa0ff14e3b8753478fc1f76fe30d163) Importer(815301076,1909f56bfc062723c751e8b465ee728b)  -> (artifact id: '0089e1bc864a186dd5ef47b5302808f1') in 0.031886 seconds 
Editor requested this worker to shutdown with reason: Scaling down because of idle timeout
AssetImportWorker is now disconnected from the server
Process exiting
Exiting without the bug reporter. Application will terminate with return code 0