Using pre-set license
Built from '2021.3/staging' branch; Version is '2021.3.22f1 (b6c551784ba3) revision 11978065'; Using compiler version '192829333'; Build Type 'Release'
OS: 'Windows 11  (10.0.22621) 64bit Professional' Language: 'en' Physical Memory: 32541 MB
BatchMode: 1, IsHumanControllingUs: 0, StartBugReporterOnCrash: 0, Is64bit: 1, IsPro: 1

COMMAND LINE ARGUMENTS:
C:\Program Files\Unity\Hub\Editor\2021.3.22f1\Editor\Unity.exe
-adb2
-batchMode
-noUpm
-name
AssetImportWorker2
-projectPath
C:/Projects/Unity/-Unity-Game-Development-in-24-Hours/Captain Blaster/Captain Blaster
-logFile
Logs/AssetImportWorker2.log
-srvPort
61493
Successfully changed project path to: C:/Projects/Unity/-Unity-Game-Development-in-24-Hours/Captain Blaster/Captain Blaster
C:/Projects/Unity/-Unity-Game-Development-in-24-Hours/Captain Blaster/Captain Blaster
[UnityMemory] Configuration Parameters - Can be set up in boot.config
    "memorysetup-bucket-allocator-granularity=16"
    "memorysetup-bucket-allocator-bucket-count=8"
    "memorysetup-bucket-allocator-block-size=33554432"
    "memorysetup-bucket-allocator-block-count=8"
    "memorysetup-main-allocator-block-size=16777216"
    "memorysetup-thread-allocator-block-size=16777216"
    "memorysetup-gfx-main-allocator-block-size=16777216"
    "memorysetup-gfx-thread-allocator-block-size=16777216"
    "memorysetup-cache-allocator-block-size=4194304"
    "memorysetup-typetree-allocator-block-size=2097152"
    "memorysetup-profiler-bucket-allocator-granularity=16"
    "memorysetup-profiler-bucket-allocator-bucket-count=8"
    "memorysetup-profiler-bucket-allocator-block-size=33554432"
    "memorysetup-profiler-bucket-allocator-block-count=8"
    "memorysetup-profiler-allocator-block-size=16777216"
    "memorysetup-profiler-editor-allocator-block-size=1048576"
    "memorysetup-temp-allocator-size-main=16777216"
    "memorysetup-job-temp-allocator-block-size=2097152"
    "memorysetup-job-temp-allocator-block-size-background=1048576"
    "memorysetup-job-temp-allocator-reduction-small-platforms=262144"
    "memorysetup-temp-allocator-size-background-worker=32768"
    "memorysetup-temp-allocator-size-job-worker=262144"
    "memorysetup-temp-allocator-size-preload-manager=33554432"
    "memorysetup-temp-allocator-size-nav-mesh-worker=65536"
    "memorysetup-temp-allocator-size-audio-worker=65536"
    "memorysetup-temp-allocator-size-cloud-worker=32768"
    "memorysetup-temp-allocator-size-gi-baking-worker=262144"
    "memorysetup-temp-allocator-size-gfx=262144"
Player connection [28864] Host "[IP] 192.168.0.18 [Port] 0 [Flags] 2 [Guid] 820931478 [EditorId] 820931478 [Version] 1048832 [Id] WindowsEditor(7,KRob11) [Debug] 1 [PackageName] WindowsEditor [ProjectName] Editor" joined multi-casting on [225.0.0.222:54997]...

Player connection [28864] Host "[IP] 192.168.0.18 [Port] 0 [Flags] 2 [Guid] 820931478 [EditorId] 820931478 [Version] 1048832 [Id] WindowsEditor(7,KRob11) [Debug] 1 [PackageName] WindowsEditor [ProjectName] Editor" joined alternative multi-casting on [225.0.0.222:34997]...

Refreshing native plugins compatible for Editor in 77.84 ms, found 4 plugins.
Preloading 0 native plugins for Editor in 0.00 ms.
Initialize engine version: 2021.3.22f1 (b6c551784ba3)
[Subsystems] Discovering subsystems at path C:/Program Files/Unity/Hub/Editor/2021.3.22f1/Editor/Data/Resources/UnitySubsystems
[Subsystems] Discovering subsystems at path C:/Projects/Unity/-Unity-Game-Development-in-24-Hours/Captain Blaster/Captain Blaster/Assets
GfxDevice: creating device client; threaded=0; jobified=0
Direct3D:
    Version:  Direct3D 11.0 [level 11.1]
    Renderer: NVIDIA GeForce GTX 1050 Ti (ID=0x1c82)
    Vendor:   NVIDIA
    VRAM:     4019 MB
    Driver:   27.21.14.5671
Initialize mono
Mono path[0] = 'C:/Program Files/Unity/Hub/Editor/2021.3.22f1/Editor/Data/Managed'
Mono path[1] = 'C:/Program Files/Unity/Hub/Editor/2021.3.22f1/Editor/Data/MonoBleedingEdge/lib/mono/unityjit-win32'
Mono config path = 'C:/Program Files/Unity/Hub/Editor/2021.3.22f1/Editor/Data/MonoBleedingEdge/etc'
Using monoOptions --debugger-agent=transport=dt_socket,embedding=1,server=y,suspend=n,address=127.0.0.1:56356
Begin MonoManager ReloadAssembly
Registering precompiled unity dll's ...
Register platform support module: C:/Program Files/Unity/Hub/Editor/2021.3.22f1/Editor/Data/PlaybackEngines/WebGLSupport/UnityEditor.WebGL.Extensions.dll
Register platform support module: C:/Program Files/Unity/Hub/Editor/2021.3.22f1/Editor/Data/PlaybackEngines/WindowsStandaloneSupport/UnityEditor.WindowsStandalone.Extensions.dll
Registered in 0.003701 seconds.
Native extension for WindowsStandalone target not found
Native extension for WebGL target not found
Refreshing native plugins compatible for Editor in 76.57 ms, found 4 plugins.
Preloading 0 native plugins for Editor in 0.00 ms.
Mono: successfully reloaded assembly
- Completed reload, in  0.577 seconds
Domain Reload Profiling:
	ReloadAssembly (577ms)
		BeginReloadAssembly (74ms)
			ExecutionOrderSort (0ms)
			DisableScriptedObjects (0ms)
			BackupInstance (0ms)
			ReleaseScriptingObjects (0ms)
			CreateAndSetChildDomain (1ms)
		EndReloadAssembly (420ms)
			LoadAssemblies (73ms)
			RebuildTransferFunctionScriptingTraits (0ms)
			SetupTypeCache (93ms)
			ReleaseScriptCaches (0ms)
			RebuildScriptCaches (24ms)
			SetupLoadedEditorAssemblies (257ms)
				LogAssemblyErrors (0ms)
				InitializePlatformSupportModulesInManaged (8ms)
				SetLoadedEditorAssemblies (0ms)
				RefreshPlugins (77ms)
				BeforeProcessingInitializeOnLoad (1ms)
				ProcessInitializeOnLoadAttributes (129ms)
				ProcessInitializeOnLoadMethodAttributes (42ms)
				AfterProcessingInitializeOnLoad (0ms)
				EditorAssembliesLoaded (0ms)
			ExecutionOrderSort2 (0ms)
			AwakeInstancesAfterBackupRestoration (0ms)
Platform modules already initialized, skipping
Registering precompiled user dll's ...
Registered in 0.004777 seconds.
Begin MonoManager ReloadAssembly
Symbol file LoadedFromMemory doesn't match image C:\Projects\Unity\-Unity-Game-Development-in-24-Hours\Captain Blaster\Captain Blaster\Library\PackageCache\com.unity.visualscripting@1.8.0\Editor\VisualScripting.Core\Dependencies\YamlDotNet\Unity.VisualScripting.YamlDotNet.dll
Symbol file LoadedFromMemory doesn't match image C:\Projects\Unity\-Unity-Game-Development-in-24-Hours\Captain Blaster\Captain Blaster\Library\PackageCache\com.unity.visualscripting@1.8.0\Editor\VisualScripting.Core\Dependencies\DotNetZip\Unity.VisualScripting.IonicZip.dll
Native extension for WindowsStandalone target not found
Native extension for WebGL target not found
Refreshing native plugins compatible for Editor in 80.94 ms, found 4 plugins.
Preloading 0 native plugins for Editor in 0.00 ms.
Mono: successfully reloaded assembly
- Completed reload, in  1.001 seconds
Domain Reload Profiling:
	ReloadAssembly (1002ms)
		BeginReloadAssembly (99ms)
			ExecutionOrderSort (0ms)
			DisableScriptedObjects (5ms)
			BackupInstance (0ms)
			ReleaseScriptingObjects (0ms)
			CreateAndSetChildDomain (17ms)
		EndReloadAssembly (809ms)
			LoadAssemblies (70ms)
			RebuildTransferFunctionScriptingTraits (0ms)
			SetupTypeCache (211ms)
			ReleaseScriptCaches (0ms)
			RebuildScriptCaches (50ms)
			SetupLoadedEditorAssemblies (429ms)
				LogAssemblyErrors (0ms)
				InitializePlatformSupportModulesInManaged (5ms)
				SetLoadedEditorAssemblies (0ms)
				RefreshPlugins (81ms)
				BeforeProcessingInitializeOnLoad (84ms)
				ProcessInitializeOnLoadAttributes (221ms)
				ProcessInitializeOnLoadMethodAttributes (33ms)
				AfterProcessingInitializeOnLoad (5ms)
				EditorAssembliesLoaded (0ms)
			ExecutionOrderSort2 (0ms)
			AwakeInstancesAfterBackupRestoration (7ms)
Platform modules already initialized, skipping
========================================================================
Worker process is ready to serve import requests
Launched and connected shader compiler UnityShaderCompiler.exe after 0.03 seconds
Refreshing native plugins compatible for Editor in 0.53 ms, found 4 plugins.
Preloading 0 native plugins for Editor in 0.00 ms.
Unloading 3742 Unused Serialized files (Serialized files now loaded: 0)
Unloading 41 unused Assets / (229.3 KB). Loaded Objects now: 4196.
Memory consumption went from 144.2 MB to 144.0 MB.
Total: 3.480600 ms (FindLiveObjects: 0.237400 ms CreateObjectMapping: 0.106400 ms MarkObjects: 2.915300 ms  DeleteObjects: 0.219500 ms)

AssetImportParameters requested are different than current active one (requested -> active):
  custom:video-decoder-ogg-theora: a1e56fd34408186e4bbccfd4996cb3dc -> 
  custom:container-muxer-webm: aa71ff27fc2769a1b78a27578f13a17b -> 
  custom:container-demuxer-webm: 4f35f7cbe854078d1ac9338744f61a02 -> 
  custom:video-encoder-webm-vp8: eb34c28f22e8b96e1ab97ce403110664 -> 
  custom:video-codec-MediaFoundation-h265: 746d11721c4dcdbdad8f713fa42b33f4 -> 
  custom:audio-encoder-webm-vorbis: bf7c407c2cedff20999df2af8eb42d56 -> 
  custom:framework-win-MediaFoundation: 216162199b28c13a410421893ffa2e32 -> 
  custom:container-demuxer-ogg: 62fdf1f143b41e24485cea50d1cbac27 -> 
  custom:video-decoder-webm-vp8: 9c59270c3fd7afecdb556c50c9e8de78 -> 
  custom:audio-decoder-ogg-vorbis: bf7c407c2cedff20999df2af8eb42d56 -> 
========================================================================
Received Import Request.
  Time since last request: 707496.648941 seconds.
  path: Assets/Yughues Free PBR Metal Plates/Textures
  artifactKey: Guid(f501c1079edffe2438abb6ee718e9dc6) Importer(815301076,1909f56bfc062723c751e8b465ee728b)
Start importing Assets/Yughues Free PBR Metal Plates/Textures using Guid(f501c1079edffe2438abb6ee718e9dc6) Importer(815301076,1909f56bfc062723c751e8b465ee728b)  -> (artifact id: '742be4ddfb75a040290c7346d16844dd') in 0.020256 seconds 
========================================================================
Received Import Request.
  Time since last request: 0.017746 seconds.
  path: Assets/Yughues Free PBR Metal Plates/Textures/MetalPlates_Diffuse.tga
  artifactKey: Guid(b662069d0a9d9d84ca33f06ceeff7abb) Importer(815301076,1909f56bfc062723c751e8b465ee728b)
Start importing Assets/Yughues Free PBR Metal Plates/Textures/MetalPlates_Diffuse.tga using Guid(b662069d0a9d9d84ca33f06ceeff7abb) Importer(815301076,1909f56bfc062723c751e8b465ee728b)  -> (artifact id: '988df8de4fd930f35c358dd5a882ec21') in 0.128056 seconds 
========================================================================
Received Import Request.
  Time since last request: 0.000028 seconds.
  path: Assets/Yughues Free PBR Metal Plates/Textures/MetalPlates_Normal05.tga
  artifactKey: Guid(25beda24e2692744dacd3a446b327700) Importer(815301076,1909f56bfc062723c751e8b465ee728b)
Start importing Assets/Yughues Free PBR Metal Plates/Textures/MetalPlates_Normal05.tga using Guid(25beda24e2692744dacd3a446b327700) Importer(815301076,1909f56bfc062723c751e8b465ee728b)  -> (artifact id: '372aa273ecc2475cfae37593ee3f792f') in 0.073609 seconds 
========================================================================
Received Import Request.
  Time since last request: 0.000025 seconds.
  path: Assets/Yughues Free PBR Metal Plates/Textures/MetalPlates_Normal12.tga
  artifactKey: Guid(ff5e504c46c5d8b40a59ef45b50dfb7d) Importer(815301076,1909f56bfc062723c751e8b465ee728b)
Start importing Assets/Yughues Free PBR Metal Plates/Textures/MetalPlates_Normal12.tga using Guid(ff5e504c46c5d8b40a59ef45b50dfb7d) Importer(815301076,1909f56bfc062723c751e8b465ee728b)  -> (artifact id: '41312631fba842d5f54d0bf201ee897a') in 0.029787 seconds 
========================================================================
Received Import Request.
  Time since last request: 0.000020 seconds.
  path: Assets/Yughues Free PBR Metal Plates/Textures/MetalPlates_Normal09.tga
  artifactKey: Guid(73c9e17f922e11f43b876a5fdff65e58) Importer(815301076,1909f56bfc062723c751e8b465ee728b)
Start importing Assets/Yughues Free PBR Metal Plates/Textures/MetalPlates_Normal09.tga using Guid(73c9e17f922e11f43b876a5fdff65e58) Importer(815301076,1909f56bfc062723c751e8b465ee728b)  -> (artifact id: 'dc11c86655d7efec1fd85276e63550d6') in 0.024726 seconds 
========================================================================
Received Import Request.
  Time since last request: 0.000018 seconds.
  path: Assets/Yughues Free PBR Metal Plates/Textures/MetalPlates_Normal30.tga
  artifactKey: Guid(f98457e37c3753f4da0b6c4bf37971df) Importer(815301076,1909f56bfc062723c751e8b465ee728b)
Start importing Assets/Yughues Free PBR Metal Plates/Textures/MetalPlates_Normal30.tga using Guid(f98457e37c3753f4da0b6c4bf37971df) Importer(815301076,1909f56bfc062723c751e8b465ee728b)  -> (artifact id: '1d44d248c6985c6e05f5a9f2096a7bc0') in 0.026297 seconds 
========================================================================
Received Import Request.
  Time since last request: 0.000023 seconds.
  path: Assets/Yughues Free PBR Metal Plates/Textures/MetalPlates_Normal20.tga
  artifactKey: Guid(a53b26959a1339b419f887fa0fe39ac8) Importer(815301076,1909f56bfc062723c751e8b465ee728b)
Start importing Assets/Yughues Free PBR Metal Plates/Textures/MetalPlates_Normal20.tga using Guid(a53b26959a1339b419f887fa0fe39ac8) Importer(815301076,1909f56bfc062723c751e8b465ee728b)  -> (artifact id: '570d884a546063e450ae7ba0a5d27062') in 0.027665 seconds 
========================================================================
Received Import Request.
  Time since last request: 0.000027 seconds.
  path: Assets/Yughues Free PBR Metal Plates/Textures/MetalPlates_Normal04.tga
  artifactKey: Guid(7dc2635c2bb02ef4eb3de5d720214159) Importer(815301076,1909f56bfc062723c751e8b465ee728b)
Start importing Assets/Yughues Free PBR Metal Plates/Textures/MetalPlates_Normal04.tga using Guid(7dc2635c2bb02ef4eb3de5d720214159) Importer(815301076,1909f56bfc062723c751e8b465ee728b)  -> (artifact id: '05efcb0c89c078a36e1084b3404eda09') in 0.020190 seconds 
========================================================================
Received Import Request.
  Time since last request: 0.000022 seconds.
  path: Assets/Yughues Free PBR Metal Plates/Textures/MetalPlates_Normal07.tga
  artifactKey: Guid(69593b5b8d71d0d468d37d49ac641c26) Importer(815301076,1909f56bfc062723c751e8b465ee728b)
Start importing Assets/Yughues Free PBR Metal Plates/Textures/MetalPlates_Normal07.tga using Guid(69593b5b8d71d0d468d37d49ac641c26) Importer(815301076,1909f56bfc062723c751e8b465ee728b)  -> (artifact id: '47b9e93c7abec5b7122a16f57b1f030d') in 0.019039 seconds 
Editor requested this worker to shutdown with reason: Scaling down because of idle timeout
AssetImportWorker is now disconnected from the server
Process exiting
Exiting without the bug reporter. Application will terminate with return code 0